<?xml version="1.0" encoding="UTF-8"?>
<!-- Generated by org.testng.reporters.JUnitReportReporter -->
<testsuite hostname="Dell" name="gefp.model.dao.StuDTest" tests="3" failures="0" timestamp="22 Feb 2015 01:24:14 GMT" time="0.314" errors="0">
  <testcase name="getstudetailifchk" time="0.025" classname="gefp.model.dao.StuDTest"/>
  <testcase name="getStuDdetail" time="0.255" classname="gefp.model.dao.StuDTest"/>
  <testcase name="getStuDdetailCheckpointforjdoe2" time="0.034" classname="gefp.model.dao.StuDTest"/>
</testsuite> <!-- gefp.model.dao.StuDTest -->
