<?xml version="1.0" encoding="UTF-8"?>
<!-- Generated by org.testng.reporters.JUnitReportReporter -->
<testsuite hostname="Dell" name="gefp.model.dao.StuDTest" tests="3" failures="0" timestamp="13 Mar 2015 06:31:37 GMT" time="0.616" errors="0">
  <testcase name="getstudetailifchk" time="0.049" classname="gefp.model.dao.StuDTest"/>
  <testcase name="getStuDdetail" time="0.438" classname="gefp.model.dao.StuDTest"/>
  <testcase name="getStuDdetailCheckpointforjdoe2" time="0.129" classname="gefp.model.dao.StuDTest"/>
</testsuite> <!-- gefp.model.dao.StuDTest -->
